[23:53:58] [ServerMain/INFO]: [bootstrap] Running Java 21 (OpenJDK 64-Bit Server VM 21.0.4+7-LTS; Microsoft Microsoft-9889606) on Linux 6.5.0-1025-azure (amd64)
[23:53:58] [ServerMain/INFO]: [bootstrap] Loading Paper 1.21.1-81-master@13a2395 (2024-09-15T20:39:09Z) for Minecraft 1.21.1
[23:53:58] [ServerMain/INFO]: [PluginInitializerManager] Initializing plugins...
[23:53:58] [ServerMain/INFO]: [PluginInitializerManager] Initialized 0 plugins
[23:54:06] [ServerMain/INFO]: Environment: Environment[sessionHost=https://sessionserver.mojang.com, servicesHost=https://api.minecraftservices.com, name=PROD]
[23:54:06] [ServerMain/INFO]: Found new data pack file/bukkit, loading it automatically
[23:54:06] [ServerMain/INFO]: Found new data pack paper, loading it automatically
[23:54:07] [ServerMain/INFO]: No existing world data, creating new world
[23:54:09] [ServerMain/INFO]: Loaded 1290 recipes
[23:54:09] [ServerMain/INFO]: Loaded 1399 advancements
[23:54:10] [Server thread/INFO]: Starting minecraft server version 1.21.1
[23:54:10] [Server thread/INFO]: Loading properties
[23:54:10] [Server thread/INFO]: This server is running Paper version 1.21.1-81-master@13a2395 (2024-09-15T20:39:09Z) (Implementing API version 1.21.1-R0.1-SNAPSHOT)
[23:54:11] [Server thread/INFO]: [spark] This server bundles the spark profiler. For more information please visit https://docs.papermc.io/paper/profiling
[23:54:11] [Server thread/INFO]: Server Ping Player Sample Count: 12
[23:54:11] [Server thread/INFO]: Using 4 threads for Netty based IO
[23:54:12] [Server thread/INFO]: [ChunkTaskScheduler] Chunk system is using 1 I/O threads, 1 worker threads, and population gen parallelism of 1 threads
[23:54:13] [Server thread/INFO]: Default game type: SURVIVAL
[23:54:13] [Server thread/INFO]: Generating keypair
[23:54:13] [Server thread/INFO]: Starting Minecraft server on *:25565
[23:54:13] [Server thread/INFO]: Using epoll channel type
[23:54:13] [Server thread/INFO]: Paper: Using libdeflate (Linux x86_64) compression from Velocity.
[23:54:13] [Server thread/INFO]: Paper: Using OpenSSL 1.1.x (Linux x86_64) cipher from Velocity.
[23:54:13] [Server thread/INFO]: Preparing level "world"
[23:54:29] [Server thread/INFO]: Preparing start region for dimension minecraft:overworld
[23:54:39] [Server thread/INFO]: Time elapsed: 10290 ms
[23:54:39] [Server thread/INFO]: Preparing start region for dimension minecraft:the_nether
[23:54:42] [Server thread/INFO]: Time elapsed: 2763 ms
[23:54:42] [Server thread/INFO]: Preparing start region for dimension minecraft:the_end
[23:54:43] [Server thread/INFO]: Time elapsed: 752 ms
[23:54:43] [Server thread/INFO]: [spark] Starting background profiler...
[23:54:43] [Server thread/INFO]: Done preparing level "world" (30.194s)
[23:54:43] [Server thread/INFO]: Running delayed init tasks
[23:54:43] [Server thread/INFO]: Done (46.616s)! For help, type "help"
[23:54:43] [Server thread/INFO]: *************************************************************************************
[23:54:43] [Server thread/INFO]: This is the first time you're starting this server.
[23:54:43] [Server thread/INFO]: It's recommended you read our 'Getting Started' documentation for guidance.
[23:54:43] [Server thread/INFO]: View this and more helpful information here: https://docs.papermc.io/paper/next-steps
[23:54:43] [Server thread/INFO]: *************************************************************************************
[23:54:43] [Server thread/INFO]: Timings Reset
[23:56:21] [Server thread/INFO]: Stopping the server
[23:56:21] [Server thread/INFO]: Stopping server
[23:56:21] [Server thread/INFO]: Saving players
[23:56:21] [Server thread/INFO]: Saving worlds
[23:56:21] [Server thread/INFO]: Saving chunks for level 'ServerLevel[world]'/minecraft:overworld
[23:56:21] [Server thread/INFO]: [ChunkHolderManager] Waiting 60s for chunk system to halt for world 'world'
[23:56:21] [Server thread/INFO]: [ChunkHolderManager] Halted chunk system for world 'world'
[23:56:21] [Server thread/INFO]: [ChunkHolderManager] Saving all chunkholders for world 'world'
[23:56:23] [Server thread/INFO]: [ChunkHolderManager] Saved 841 block chunks, 49 entity chunks, 0 poi chunks in world 'world' in 1.63s
[23:56:23] [Server thread/INFO]: Saving chunks for level 'ServerLevel[world_nether]'/minecraft:the_nether
[23:56:23] [Server thread/INFO]: [ChunkHolderManager] Waiting 60s for chunk system to halt for world 'world_nether'
[23:56:23] [Server thread/INFO]: [ChunkHolderManager] Halted chunk system for world 'world_nether'
[23:56:23] [Server thread/INFO]: [ChunkHolderManager] Saving all chunkholders for world 'world_nether'
[23:56:24] [Server thread/INFO]: [ChunkHolderManager] Saved 841 block chunks, 49 entity chunks, 0 poi chunks in world 'world_nether' in 1.09s
[23:56:24] [Server thread/INFO]: Saving chunks for level 'ServerLevel[world_the_end]'/minecraft:the_end
[23:56:24] [Server thread/INFO]: [ChunkHolderManager] Waiting 60s for chunk system to halt for world 'world_the_end'
[23:56:24] [Server thread/INFO]: [ChunkHolderManager] Halted chunk system for world 'world_the_end'
[23:56:24] [Server thread/INFO]: [ChunkHolderManager] Saving all chunkholders for world 'world_the_end'
[23:56:25] [Server thread/INFO]: [ChunkHolderManager] Saved 841 block chunks, 49 entity chunks, 0 poi chunks in world 'world_the_end' in 0.66s
[23:56:25] [Server thread/INFO]: ThreadedAnvilChunkStorage (world): All chunks are saved
[23:56:25] [Server thread/INFO]: ThreadedAnvilChunkStorage (DIM-1): All chunks are saved
[23:56:25] [Server thread/INFO]: ThreadedAnvilChunkStorage (DIM1): All chunks are saved
[23:56:25] [Server thread/INFO]: ThreadedAnvilChunkStorage: All dimensions are saved
