[05:47:08] [ServerMain/INFO]: [bootstrap] Running Java 21 (OpenJDK 64-Bit Server VM 21.0.4+7-LTS; Microsoft Microsoft-9889606) on Linux 6.5.0-1025-azure (amd64)
[05:47:08] [ServerMain/INFO]: [bootstrap] Loading Paper 1.21.1-81-master@13a2395 (2024-09-15T20:39:09Z) for Minecraft 1.21.1
[05:47:08] [ServerMain/INFO]: [PluginInitializerManager] Initializing plugins...
[05:47:14] [ServerMain/INFO]: [PluginInitializerManager] Initialized 6 plugins
[05:47:14] [ServerMain/INFO]: [PluginInitializerManager] Bukkit plugins (6):
 - Geyser-Spigot (2.5.1-SNAPSHOT), ViaBackwards (5.2.0), ViaRewind (4.0.4), ViaVersion (5.2.0), eShulkerBox (0.6.3), floodgate (2.2.3-SNAPSHOT (b114-83fbd6e))
[05:47:25] [ServerMain/INFO]: Environment: Environment[sessionHost=https://sessionserver.mojang.com, servicesHost=https://api.minecraftservices.com, name=PROD]
[05:47:29] [ServerMain/INFO]: Loaded 1290 recipes
[05:47:30] [ServerMain/INFO]: Loaded 1399 advancements
[05:47:30] [Server thread/INFO]: Starting minecraft server version 1.21.1
[05:47:30] [Server thread/INFO]: Loading properties
[05:47:31] [Server thread/INFO]: This server is running Paper version 1.21.1-81-master@13a2395 (2024-09-15T20:39:09Z) (Implementing API version 1.21.1-R0.1-SNAPSHOT)
[05:47:32] [Server thread/INFO]: [spark] This server bundles the spark profiler. For more information please visit https://docs.papermc.io/paper/profiling
[05:47:32] [Server thread/INFO]: Server Ping Player Sample Count: 12
[05:47:32] [Server thread/INFO]: Using 4 threads for Netty based IO
[05:47:35] [Server thread/INFO]: [ChunkTaskScheduler] Chunk system is using 1 I/O threads, 1 worker threads, and population gen parallelism of 1 threads
[05:47:36] [Server thread/INFO]: Default game type: SURVIVAL
[05:47:36] [Server thread/INFO]: Generating keypair
[05:47:36] [Server thread/INFO]: Starting Minecraft server on *:25565
[05:47:37] [Server thread/INFO]: Using epoll channel type
[05:47:37] [Server thread/INFO]: Paper: Using libdeflate (Linux x86_64) compression from Velocity.
[05:47:37] [Server thread/INFO]: Paper: Using OpenSSL 1.1.x (Linux x86_64) cipher from Velocity.
[05:47:41] [Server thread/INFO]: [ViaVersion] Loading server plugin ViaVersion v5.2.0
[05:47:41] [Server thread/INFO]: [ViaVersion] ViaVersion 5.2.0 is now loaded. Registering protocol transformers and injecting...
[05:47:45] [Via-Mappingloader-0/INFO]: [ViaVersion] Loading block connection mappings ...
[05:47:46] [Via-Mappingloader-0/INFO]: [ViaVersion] Using FastUtil Long2ObjectOpenHashMap for block connections
[05:47:50] [Server thread/INFO]: [ViaBackwards] Loading translations...
[05:47:50] [Server thread/INFO]: [ViaBackwards] Registering protocols...
[05:47:54] [Server thread/INFO]: [ViaRewind] Registering protocols...
[05:47:55] [Server thread/INFO]: [ViaBackwards] Loading server plugin ViaBackwards v5.2.0
[05:47:55] [Server thread/INFO]: [floodgate] Loading server plugin floodgate v2.2.3-SNAPSHOT (b114-83fbd6e)
[05:48:01] [Server thread/WARN]: [floodgate] en_ is not a supported Floodgate language.
[05:48:01] [Server thread/INFO]: [floodgate] Took 5,986ms to boot Floodgate
[05:48:01] [Server thread/INFO]: [ViaRewind] Loading server plugin ViaRewind v4.0.4
[05:48:01] [Server thread/INFO]: [Geyser-Spigot] Loading server plugin Geyser-Spigot v2.5.1-SNAPSHOT
[05:48:06] [Server thread/INFO]: [Geyser-Spigot] Loading extensions...
[05:48:06] [Server thread/INFO]: [Geyser-Spigot] Loaded 0 extension(s)
[05:48:06] [Server thread/INFO]: [eShulkerBox] Loading server plugin eShulkerBox v0.6.3
[05:48:06] [Server thread/INFO]: [ShulkerBox] ShulkerBoxPlugin loading...
[05:48:06] [Server thread/WARN]: [ShulkerBox] YOU ARE USING FREE eShulkerBox VERSION
[05:48:06] [Server thread/WARN]: [ShulkerBox] We recommend using the paid version https://builtbybit.com/resources/eshulkerbox.41479/
[05:48:06] [Server thread/INFO]: [ShulkerBox] ShulkerBoxPlugin loaded in 400ms
[05:48:06] [Server thread/INFO]: Server permissions file permissions.yml is empty, ignoring it
[05:48:06] [pool-16-thread-1/INFO]: [ShulkerBox] Unable to check for updates: https://api.spigotmc.org/legacy/update.php?resource=-1
[05:48:06] [Server thread/INFO]: [ViaRewind] Enabling ViaRewind v4.0.4
[05:48:06] [Server thread/WARN]: **** SERVER IS RUNNING IN OFFLINE/INSECURE MODE!
[05:48:06] [Server thread/WARN]: The server will make no attempt to authenticate usernames. Beware.
[05:48:06] [Server thread/WARN]: While this makes the game possible to play without internet access, it also opens up the ability for hackers to connect with any username they choose.
[05:48:06] [Server thread/WARN]: To change this, set "online-mode" to "true" in the server.properties file.
[05:48:06] [Server thread/INFO]: Preparing level "world"
[05:48:07] [Server thread/INFO]: -------- World Settings For [world] --------
[05:48:07] [Server thread/INFO]: View Distance: 10
[05:48:07] [Server thread/INFO]: Simulation Distance: 10
[05:48:07] [Server thread/INFO]: Item Merge Radius: 2.5
[05:48:07] [Server thread/INFO]: Experience Merge Radius: 3.0
[05:48:07] [Server thread/INFO]: Mob Spawn Range: 6
[05:48:07] [Server thread/INFO]: Item Despawn Rate: 6000
[05:48:07] [Server thread/INFO]: Arrow Despawn Rate: 1200 Trident Respawn Rate:1200
[05:48:07] [Server thread/INFO]: Zombie Aggressive Towards Villager: true
[05:48:07] [Server thread/INFO]: Nerfing mobs spawned from spawners: false
[05:48:07] [Server thread/INFO]: Allow Zombie Pigmen to spawn from portal blocks: true
[05:48:07] [Server thread/INFO]: Cactus Growth Modifier: 100%
[05:48:07] [Server thread/INFO]: Cane Growth Modifier: 100%
[05:48:07] [Server thread/INFO]: Melon Growth Modifier: 100%
[05:48:07] [Server thread/INFO]: Mushroom Growth Modifier: 100%
[05:48:07] [Server thread/INFO]: Pumpkin Growth Modifier: 100%
[05:48:07] [Server thread/INFO]: Sapling Growth Modifier: 100%
[05:48:07] [Server thread/INFO]: Beetroot Growth Modifier: 100%
[05:48:07] [Server thread/INFO]: Carrot Growth Modifier: 100%
[05:48:07] [Server thread/INFO]: Potato Growth Modifier: 100%
[05:48:07] [Server thread/INFO]: TorchFlower Growth Modifier: 100%
[05:48:07] [Server thread/INFO]: Wheat Growth Modifier: 100%
[05:48:07] [Server thread/INFO]: NetherWart Growth Modifier: 100%
[05:48:07] [Server thread/INFO]: Vine Growth Modifier: 100%
[05:48:07] [Server thread/INFO]: Cocoa Growth Modifier: 100%
[05:48:07] [Server thread/INFO]: Bamboo Growth Modifier: 100%
[05:48:07] [Server thread/INFO]: SweetBerry Growth Modifier: 100%
[05:48:07] [Server thread/INFO]: Kelp Growth Modifier: 100%
[05:48:07] [Server thread/INFO]: TwistingVines Growth Modifier: 100%
[05:48:07] [Server thread/INFO]: WeepingVines Growth Modifier: 100%
[05:48:07] [Server thread/INFO]: CaveVines Growth Modifier: 100%
[05:48:07] [Server thread/INFO]: GlowBerry Growth Modifier: 100%
[05:48:07] [Server thread/INFO]: PitcherPlant Growth Modifier: 100%
[05:48:07] [Server thread/INFO]: Entity Activation Range: An 32 / Mo 32 / Ra 48 / Mi 16 / Tiv true / Isa false
[05:48:07] [Server thread/INFO]: Entity Tracking Range: Pl 48 / An 48 / Mo 48 / Mi 32 / Di 128 / Other 64
[05:48:07] [Server thread/INFO]: Hopper Transfer: 8 Hopper Check: 1 Hopper Amount: 1 Hopper Can Load Chunks: false
[05:48:07] [Server thread/INFO]: Custom Map Seeds:  Village: 10387312 Desert: 14357617 Igloo: 14357618 Jungle: 14357619 Swamp: 14357620 Monument: 10387313 Ocean: 14357621 Shipwreck: 165745295 End City: 10387313 Slime: 987234911 Nether: 30084232 Mansion: 10387319 Fossil: 14357921 Portal: 34222645
[05:48:07] [Server thread/INFO]: Max TNT Explosions: 100
[05:48:07] [Server thread/INFO]: Tile Max Tick Time: 50ms Entity max Tick Time: 50ms
[05:48:08] [Server thread/INFO]: -------- World Settings For [world_nether] --------
[05:48:08] [Server thread/INFO]: View Distance: 10
[05:48:08] [Server thread/INFO]: Simulation Distance: 10
[05:48:08] [Server thread/INFO]: Item Merge Radius: 2.5
[05:48:08] [Server thread/INFO]: Experience Merge Radius: 3.0
[05:48:08] [Server thread/INFO]: Mob Spawn Range: 6
[05:48:08] [Server thread/INFO]: Item Despawn Rate: 6000
[05:48:08] [Server thread/INFO]: Arrow Despawn Rate: 1200 Trident Respawn Rate:1200
[05:48:08] [Server thread/INFO]: Zombie Aggressive Towards Villager: true
[05:48:08] [Server thread/INFO]: Nerfing mobs spawned from spawners: false
[05:48:08] [Server thread/INFO]: Allow Zombie Pigmen to spawn from portal blocks: true
[05:48:08] [Server thread/INFO]: Cactus Growth Modifier: 100%
[05:48:08] [Server thread/INFO]: Cane Growth Modifier: 100%
[05:48:08] [Server thread/INFO]: Melon Growth Modifier: 100%
[05:48:08] [Server thread/INFO]: Mushroom Growth Modifier: 100%
[05:48:08] [Server thread/INFO]: Pumpkin Growth Modifier: 100%
[05:48:08] [Server thread/INFO]: Sapling Growth Modifier: 100%
[05:48:08] [Server thread/INFO]: Beetroot Growth Modifier: 100%
[05:48:08] [Server thread/INFO]: Carrot Growth Modifier: 100%
[05:48:08] [Server thread/INFO]: Potato Growth Modifier: 100%
[05:48:08] [Server thread/INFO]: TorchFlower Growth Modifier: 100%
[05:48:08] [Server thread/INFO]: Wheat Growth Modifier: 100%
[05:48:08] [Server thread/INFO]: NetherWart Growth Modifier: 100%
[05:48:08] [Server thread/INFO]: Vine Growth Modifier: 100%
[05:48:08] [Server thread/INFO]: Cocoa Growth Modifier: 100%
[05:48:08] [Server thread/INFO]: Bamboo Growth Modifier: 100%
[05:48:08] [Server thread/INFO]: SweetBerry Growth Modifier: 100%
[05:48:08] [Server thread/INFO]: Kelp Growth Modifier: 100%
[05:48:08] [Server thread/INFO]: TwistingVines Growth Modifier: 100%
[05:48:08] [Server thread/INFO]: WeepingVines Growth Modifier: 100%
[05:48:08] [Server thread/INFO]: CaveVines Growth Modifier: 100%
[05:48:08] [Server thread/INFO]: GlowBerry Growth Modifier: 100%
[05:48:08] [Server thread/INFO]: PitcherPlant Growth Modifier: 100%
[05:48:08] [Server thread/INFO]: Entity Activation Range: An 32 / Mo 32 / Ra 48 / Mi 16 / Tiv true / Isa false
[05:48:08] [Server thread/INFO]: Entity Tracking Range: Pl 48 / An 48 / Mo 48 / Mi 32 / Di 128 / Other 64
[05:48:08] [Server thread/INFO]: Hopper Transfer: 8 Hopper Check: 1 Hopper Amount: 1 Hopper Can Load Chunks: false
[05:48:08] [Server thread/INFO]: Custom Map Seeds:  Village: 10387312 Desert: 14357617 Igloo: 14357618 Jungle: 14357619 Swamp: 14357620 Monument: 10387313 Ocean: 14357621 Shipwreck: 165745295 End City: 10387313 Slime: 987234911 Nether: 30084232 Mansion: 10387319 Fossil: 14357921 Portal: 34222645
[05:48:08] [Server thread/INFO]: Max TNT Explosions: 100
[05:48:08] [Server thread/INFO]: Tile Max Tick Time: 50ms Entity max Tick Time: 50ms
[05:48:09] [Server thread/INFO]: -------- World Settings For [world_the_end] --------
[05:48:09] [Server thread/INFO]: View Distance: 10
[05:48:09] [Server thread/INFO]: Simulation Distance: 10
[05:48:09] [Server thread/INFO]: Item Merge Radius: 2.5
[05:48:09] [Server thread/INFO]: Experience Merge Radius: 3.0
[05:48:09] [Server thread/INFO]: Mob Spawn Range: 6
[05:48:09] [Server thread/INFO]: Item Despawn Rate: 6000
[05:48:09] [Server thread/INFO]: Arrow Despawn Rate: 1200 Trident Respawn Rate:1200
[05:48:09] [Server thread/INFO]: Zombie Aggressive Towards Villager: true
[05:48:09] [Server thread/INFO]: Nerfing mobs spawned from spawners: false
[05:48:09] [Server thread/INFO]: Allow Zombie Pigmen to spawn from portal blocks: true
[05:48:09] [Server thread/INFO]: Cactus Growth Modifier: 100%
[05:48:09] [Server thread/INFO]: Cane Growth Modifier: 100%
[05:48:09] [Server thread/INFO]: Melon Growth Modifier: 100%
[05:48:09] [Server thread/INFO]: Mushroom Growth Modifier: 100%
[05:48:09] [Server thread/INFO]: Pumpkin Growth Modifier: 100%
[05:48:09] [Server thread/INFO]: Sapling Growth Modifier: 100%
[05:48:09] [Server thread/INFO]: Beetroot Growth Modifier: 100%
[05:48:09] [Server thread/INFO]: Carrot Growth Modifier: 100%
[05:48:09] [Server thread/INFO]: Potato Growth Modifier: 100%
[05:48:09] [Server thread/INFO]: TorchFlower Growth Modifier: 100%
[05:48:09] [Server thread/INFO]: Wheat Growth Modifier: 100%
[05:48:09] [Server thread/INFO]: NetherWart Growth Modifier: 100%
[05:48:09] [Server thread/INFO]: Vine Growth Modifier: 100%
[05:48:09] [Server thread/INFO]: Cocoa Growth Modifier: 100%
[05:48:09] [Server thread/INFO]: Bamboo Growth Modifier: 100%
[05:48:09] [Server thread/INFO]: SweetBerry Growth Modifier: 100%
[05:48:09] [Server thread/INFO]: Kelp Growth Modifier: 100%
[05:48:09] [Server thread/INFO]: TwistingVines Growth Modifier: 100%
[05:48:09] [Server thread/INFO]: WeepingVines Growth Modifier: 100%
[05:48:09] [Server thread/INFO]: CaveVines Growth Modifier: 100%
[05:48:09] [Server thread/INFO]: GlowBerry Growth Modifier: 100%
[05:48:09] [Server thread/INFO]: PitcherPlant Growth Modifier: 100%
[05:48:09] [Server thread/INFO]: Entity Activation Range: An 32 / Mo 32 / Ra 48 / Mi 16 / Tiv true / Isa false
[05:48:09] [Server thread/INFO]: Entity Tracking Range: Pl 48 / An 48 / Mo 48 / Mi 32 / Di 128 / Other 64
[05:48:09] [Server thread/INFO]: Hopper Transfer: 8 Hopper Check: 1 Hopper Amount: 1 Hopper Can Load Chunks: false
[05:48:09] [Server thread/INFO]: Custom Map Seeds:  Village: 10387312 Desert: 14357617 Igloo: 14357618 Jungle: 14357619 Swamp: 14357620 Monument: 10387313 Ocean: 14357621 Shipwreck: 165745295 End City: 10387313 Slime: 987234911 Nether: 30084232 Mansion: 10387319 Fossil: 14357921 Portal: 34222645
[05:48:09] [Server thread/INFO]: Max TNT Explosions: 100
[05:48:09] [Server thread/INFO]: Tile Max Tick Time: 50ms Entity max Tick Time: 50ms
[05:48:10] [Server thread/INFO]: Preparing start region for dimension minecraft:overworld
[05:48:15] [Server thread/INFO]: Time elapsed: 4653 ms
[05:48:15] [Server thread/INFO]: Preparing start region for dimension minecraft:the_nether
[05:48:17] [Server thread/INFO]: Time elapsed: 2048 ms
[05:48:17] [Server thread/INFO]: Preparing start region for dimension minecraft:the_end
[05:48:17] [Server thread/INFO]: Time elapsed: 491 ms
[05:48:17] [Server thread/INFO]: [ViaVersion] Enabling ViaVersion v5.2.0
[05:48:18] [Server thread/INFO]: [ViaVersion] ViaVersion detected server version: 1.21-1.21.1 (767)
[05:48:18] [Server thread/INFO]: [ViaBackwards] Enabling ViaBackwards v5.2.0
[05:48:18] [Server thread/INFO]: [floodgate] Enabling floodgate v2.2.3-SNAPSHOT (b114-83fbd6e)
[05:48:20] [Server thread/INFO]: [Geyser-Spigot] Enabling Geyser-Spigot v2.5.1-SNAPSHOT
[05:48:24] [Server thread/INFO]: [eShulkerBox] Enabling eShulkerBox v0.6.3
[05:48:24] [Server thread/INFO]: [ShulkerBox] ShulkerBoxPlugin initializing...
[05:48:24] [Server thread/INFO]: [ShulkerBox] Initialized 'CommandService'
[05:48:24] [Server thread/INFO]: [ShulkerBox] Initialized 'MessageService'
[05:48:24] [Server thread/INFO]: [ShulkerBox] Initialized 'ShulkerBoxMechanic'
[05:48:24] [Server thread/INFO]: [ShulkerBox] Initialized 'CommandTabListService'
[05:48:24] [Server thread/INFO]: [Item Mechanic] Loading custom shulker box default_shulkerbox.yaml...
[05:48:25] [Server thread/INFO]: [Item Mechanic] Loading recipe for custom shulker box default_shulkerbox.yaml...
[05:48:25] [Server thread/INFO]: [ShulkerBox] Recipe added to the server!
[05:48:25] [Server thread/INFO]: [Item Mechanic] The custom shulker box default_shulkerbox.yaml was loaded successfully!
[05:48:25] [Server thread/INFO]: [ShulkerBox] Initialized 'ItemMechanic'
[05:48:25] [Server thread/INFO]: [ShulkerBox] ShulkerBoxPlugin initialized in 1546ms
[05:48:26] [Server thread/INFO]: [spark] Starting background profiler...
[05:48:26] [Server thread/INFO]: [Geyser-Spigot] ******************************************
[05:48:26] [Server thread/INFO]: [Geyser-Spigot] 
[05:48:26] [Server thread/INFO]: [Geyser-Spigot] Loading Geyser version 2.5.1-b726 (git-master-2019e53)
[05:48:26] [Server thread/INFO]: [Geyser-Spigot] 
[05:48:26] [Server thread/INFO]: [Geyser-Spigot] ******************************************
[05:48:44] [epollEventLoopGroup-3-1/INFO]: [Geyser-Spigot] Started Geyser on UDP port 19132
[05:48:44] [Server thread/INFO]: [Geyser-Spigot] Done (17.812s)! Run /geyser help for help!
[05:48:46] [Server thread/INFO]: Done preparing level "world" (39.170s)
[05:48:46] [Server thread/INFO]: Starting GS4 status listener
[05:48:46] [User Authenticator #0/INFO]: UUID of player alejandromkol is 4a49ad52-5c3b-37ef-a437-f518b06e4a02
[05:48:46] [Server thread/INFO]: Thread Query Listener started
[05:48:46] [Server thread/INFO]: Running delayed init tasks
[05:48:46] [Query Listener #1/INFO]: Query running on 0.0.0.0:25565
[05:48:46] [Server thread/INFO]: Done (101.099s)! For help, type "help"
[05:48:46] [Server thread/INFO]: Timings Reset
[05:48:46] [Craft Scheduler Thread - 5 - ViaVersion/INFO]: [ViaVersion] Finished mapping loading, shutting down loader executor.
[05:48:46] [Server thread/INFO]: alejandromkol (/127.135.210.254:54721) lost connection: Disconnected
[05:48:57] [User Authenticator #0/INFO]: UUID of player alejandromkol is 4a49ad52-5c3b-37ef-a437-f518b06e4a02
[05:49:00] [Server thread/INFO]: alejandromkol joined the game
[05:49:00] [Server thread/INFO]: alejandromkol[/127.16.67.154:52401] logged in with entity id 72 at ([world]20.09410393106716, 112.0, 84.09763883918933)
[05:51:39] [Server thread/INFO]: alejandromkol lost connection: Disconnected
[05:51:39] [Server thread/INFO]: alejandromkol left the game
[05:54:15] [User Authenticator #1/INFO]: UUID of player alejandromkol is 4a49ad52-5c3b-37ef-a437-f518b06e4a02
[05:54:16] [Server thread/INFO]: alejandromkol joined the game
[05:54:16] [Server thread/INFO]: alejandromkol[/127.219.137.43:36707] logged in with entity id 1043 at ([world]131.29959974674836, 104.0, 160.8706696997435)
[05:54:51] [Server thread/INFO]: alejandromkol lost connection: Timed out
[05:54:51] [Server thread/INFO]: alejandromkol left the game
[05:55:52] [User Authenticator #2/INFO]: UUID of player alejandromkol is 4a49ad52-5c3b-37ef-a437-f518b06e4a02
[05:55:53] [Server thread/INFO]: alejandromkol joined the game
[05:55:53] [Server thread/INFO]: alejandromkol[/127.150.250.66:50237] logged in with entity id 1189 at ([world]131.29959974674836, 104.0, 160.8706696997435)
[05:56:53] [Server thread/INFO]: alejandromkol was slain by Zombie
[05:57:38] [Server thread/INFO]: alejandromkol was slain by Zombie
[05:57:42] [Server thread/INFO]: Made alejandromkol a server operator
[05:58:09] [Server thread/INFO]: alejandromkol issued server command: /day
[05:58:23] [Server thread/INFO]: alejandromkol issued server command: /set time day
[05:58:31] [Server thread/INFO]: alejandromkol was slain by Zombie
[05:58:40] [Server thread/INFO]: alejandromkol issued server command: /gamemode creative
[05:58:40] [Server thread/INFO]: [alejandromkol: Set own game mode to Creative Mode]
[05:58:51] [Server thread/INFO]: alejandromkol issued server command: /time set d
[05:58:57] [Server thread/INFO]: alejandromkol issued server command: /time set day
[05:58:57] [Server thread/INFO]: [alejandromkol: Set the time to 1000]
[05:59:04] [Server thread/INFO]: alejandromkol issued server command: /gamemode survival
[05:59:04] [Server thread/INFO]: [alejandromkol: Set own game mode to Survival Mode]
[06:01:30] [Server thread/INFO]: alejandromkol lost connection: Timed out
[06:01:30] [Server thread/INFO]: alejandromkol left the game
[06:02:54] [User Authenticator #3/INFO]: UUID of player alejandromkol is 4a49ad52-5c3b-37ef-a437-f518b06e4a02
[06:02:56] [Server thread/INFO]: alejandromkol joined the game
[06:02:56] [Server thread/INFO]: alejandromkol[/127.135.210.254:34541] logged in with entity id 2279 at ([world]-162.69999998807907, 90.0, 159.45313652119734)
[06:04:39] [Server thread/INFO]: alejandromkol tried to swim in lava
[06:05:14] [Server thread/INFO]: alejandromkol lost connection: Disconnected
[06:05:14] [Server thread/INFO]: alejandromkol left the game
[06:07:37] [User Authenticator #4/INFO]: UUID of player alejandromkol is 4a49ad52-5c3b-37ef-a437-f518b06e4a02
[06:07:39] [Server thread/INFO]: alejandromkol joined the game
[06:07:39] [Server thread/INFO]: alejandromkol[/127.243.169.42:40567] logged in with entity id 3481 at ([world]-266.914931801486, 111.0, 302.7484358457854)
[06:09:13] [Server thread/INFO]: alejandromkol issued server command: /gamemode creative
[06:09:13] [Server thread/INFO]: [alejandromkol: Set own game mode to Creative Mode]
[06:36:25] [Server thread/INFO]: alejandromkol issued server command: /gamemode survival
[06:36:25] [Server thread/INFO]: [alejandromkol: Set own game mode to Survival Mode]
[06:36:27] [Server thread/INFO]: alejandromkol fell from a high place
[06:36:52] [Server thread/INFO]: alejandromkol issued server command: /gamemode creative
[06:36:52] [Server thread/INFO]: [alejandromkol: Set own game mode to Creative Mode]
[06:38:29] [Server thread/INFO]: alejandromkol issued server command: /gamemode survival
[06:38:29] [Server thread/INFO]: [alejandromkol: Set own game mode to Survival Mode]
[06:38:32] [Server thread/INFO]: alejandromkol lost connection: Disconnected
[06:38:32] [Server thread/INFO]: alejandromkol left the game
[06:40:46] [User Authenticator #5/INFO]: UUID of player alejandromkol is 4a49ad52-5c3b-37ef-a437-f518b06e4a02
[06:40:48] [Server thread/INFO]: alejandromkol joined the game
[06:40:48] [Server thread/INFO]: alejandromkol[/127.150.250.66:32815] logged in with entity id 9141 at ([world]-308.4436153990667, 92.9375, 166.4371245033153)
[06:45:19] [Server thread/INFO]: alejandromkol discovered the floor was lava
[06:45:29] [Server thread/INFO]: alejandromkol lost connection: Disconnected
[06:45:29] [Server thread/INFO]: alejandromkol left the game
[06:54:10] [Server thread/INFO]: Stopping server
[06:54:10] [Server thread/INFO]: [eShulkerBox] Disabling eShulkerBox v0.6.3
[06:54:10] [Server thread/INFO]: [ShulkerBox] ShulkerBoxPlugin disabling...
[06:54:10] [Server thread/INFO]: [ShulkerBox] Terminated 'CommandService'
[06:54:10] [Server thread/INFO]: [ShulkerBox] Terminated 'MessageService'
[06:54:10] [Server thread/INFO]: [ShulkerBox] Terminated 'ShulkerBoxMechanic'
[06:54:10] [Server thread/INFO]: [ShulkerBox] Terminated 'CommandTabListService'
[06:54:10] [Server thread/INFO]: [ShulkerBox] Terminated 'ItemMechanic'
[06:54:10] [Server thread/INFO]: [ShulkerBox] ShulkerBoxPlugin disabled in 3ms
[06:54:10] [Server thread/INFO]: [Geyser-Spigot] Disabling Geyser-Spigot v2.5.1-SNAPSHOT
[06:54:10] [Server thread/INFO]: [Geyser-Spigot] Shutting down Geyser.
[06:54:10] [Server thread/INFO]: [Geyser-Spigot] Geyser shutdown successfully.
[06:54:10] [Server thread/INFO]: [ViaRewind] Disabling ViaRewind v4.0.4
[06:54:10] [Server thread/INFO]: [floodgate] Disabling floodgate v2.2.3-SNAPSHOT (b114-83fbd6e)
[06:54:10] [Server thread/INFO]: [ViaBackwards] Disabling ViaBackwards v5.2.0
[06:54:10] [Server thread/INFO]: [ViaVersion] Disabling ViaVersion v5.2.0
[06:54:10] [Server thread/INFO]: [ViaVersion] ViaVersion has been disabled; uninjected the platform and shut down the scheduler.
[06:54:10] [WebSocketConnectReadThread-87/INFO]: [Geyser-Spigot] The skin uploader has been closed
[06:54:10] [Server thread/INFO]: Saving players
[06:54:10] [Server thread/INFO]: Saving worlds
[06:54:10] [Server thread/INFO]: Saving chunks for level 'ServerLevel[world]'/minecraft:overworld
[06:54:10] [Server thread/INFO]: [ChunkHolderManager] Waiting 60s for chunk system to halt for world 'world'
[06:54:10] [Server thread/INFO]: [ChunkHolderManager] Halted chunk system for world 'world'
[06:54:10] [Server thread/INFO]: [ChunkHolderManager] Saving all chunkholders for world 'world'
[06:54:10] [Server thread/INFO]: [ChunkHolderManager] Saved 5 block chunks, 108 entity chunks, 0 poi chunks in world 'world' in 0.06s
[06:54:10] [Server thread/INFO]: Saving chunks for level 'ServerLevel[world_nether]'/minecraft:the_nether
[06:54:10] [Server thread/INFO]: [ChunkHolderManager] Waiting 60s for chunk system to halt for world 'world_nether'
[06:54:10] [Server thread/INFO]: [ChunkHolderManager] Halted chunk system for world 'world_nether'
[06:54:10] [Server thread/INFO]: [ChunkHolderManager] Saving all chunkholders for world 'world_nether'
[06:54:10] [Server thread/INFO]: [ChunkHolderManager] Saved 0 block chunks, 3 entity chunks, 0 poi chunks in world 'world_nether' in 0.00s
[06:54:10] [Server thread/INFO]: Saving chunks for level 'ServerLevel[world_the_end]'/minecraft:the_end
[06:54:10] [Server thread/INFO]: [ChunkHolderManager] Waiting 60s for chunk system to halt for world 'world_the_end'
[06:54:10] [Server thread/INFO]: [ChunkHolderManager] Halted chunk system for world 'world_the_end'
[06:54:10] [Server thread/INFO]: [ChunkHolderManager] Saving all chunkholders for world 'world_the_end'
[06:54:10] [Server thread/INFO]: [ChunkHolderManager] Saved 0 block chunks, 10 entity chunks, 0 poi chunks in world 'world_the_end' in 0.04s
[06:54:10] [Server thread/INFO]: ThreadedAnvilChunkStorage (world): All chunks are saved
[06:54:10] [Server thread/INFO]: ThreadedAnvilChunkStorage (DIM-1): All chunks are saved
[06:54:10] [Server thread/INFO]: ThreadedAnvilChunkStorage (DIM1): All chunks are saved
[06:54:10] [Server thread/INFO]: ThreadedAnvilChunkStorage: All dimensions are saved
